<?xml version="1.0" encoding="UTF-8"?>
<!-- Generated by org.testng.reporters.JUnitReportReporter -->
<testsuite hostname="VishwanathYadav" failures="0" tests="2" name="TestProject.testClass" time="0.009" errors="0" timestamp="2024-01-09T00:33:30 IST" skipped="0">
  <testcase classname="TestProject.testClass" name="Step4" time="0.008"/>
  <testcase classname="TestProject.testClass" name="Step5" time="0.001"/>
</testsuite> <!-- TestProject.testClass -->
