<?xml version="1.0" encoding="UTF-8"?>
<!-- Generated by org.testng.reporters.JUnitReportReporter -->
<testsuite hostname="VishwanathYadav" failures="0" tests="2" name="TestProject.testClass" time="0.319" errors="0" timestamp="2024-01-13T23:15:32 IST" skipped="0">
  <testcase classname="TestProject.testClass" name="TC_01" time="0.285"/>
  <testcase classname="TestProject.testClass" name="TC_02" time="0.034"/>
</testsuite> <!-- TestProject.testClass -->
